  Main.cpp
  Triangle.cpp
D:\Visual Studio\Triangle\Triangle\Triangle.h(68,3): error C2065: cout: необъявленный идентификатор
D:\Visual Studio\Triangle\Triangle\Triangle.h(68,57): error C2065: endl: необъявленный идентификатор
D:\Visual Studio\Triangle\Triangle\Triangle.h(71,3): error C2065: cout: необъявленный идентификатор
D:\Visual Studio\Triangle\Triangle\Triangle.h(74,3): error C2065: cout: необъявленный идентификатор
D:\Visual Studio\Triangle\Triangle\Triangle.h(82,3): error C2065: cout: необъявленный идентификатор
D:\Visual Studio\Triangle\Triangle\Triangle.h(83,3): error C2065: cout: необъявленный идентификатор
D:\Visual Studio\Triangle\Triangle\Triangle.h(84,3): error C2065: cout: необъявленный идентификатор
D:\Visual Studio\Triangle\Triangle\Triangle.h(85,3): error C2065: cout: необъявленный идентификатор
D:\Visual Studio\Triangle\Triangle\Triangle.h(85,42): error C2039: "endl": не является членом "std".
C:\Program Files (x86)\Microsoft Visual Studio\2019\Community\VC\Tools\MSVC\14.29.30133\include\string(24): message : см. объявление "std"
D:\Visual Studio\Triangle\Triangle\Triangle.h(85,1): error C2065: endl: необъявленный идентификатор
D:\Visual Studio\Triangle\Triangle\Triangle.h(86,29): error C2039: "endl": не является членом "std".
C:\Program Files (x86)\Microsoft Visual Studio\2019\Community\VC\Tools\MSVC\14.29.30133\include\string(24): message : см. объявление "std"
D:\Visual Studio\Triangle\Triangle\Triangle.h(86,1): error C2065: endl: необъявленный идентификатор
D:\Visual Studio\Triangle\Triangle\Triangle.h(87,29): error C2039: "endl": не является членом "std".
C:\Program Files (x86)\Microsoft Visual Studio\2019\Community\VC\Tools\MSVC\14.29.30133\include\string(24): message : см. объявление "std"
D:\Visual Studio\Triangle\Triangle\Triangle.h(87,1): error C2065: endl: необъявленный идентификатор
D:\Visual Studio\Triangle\Triangle\Triangle.cpp(24,10): warning C4554: "^": проверьте приоритет операторов на ошибки; для уточнения приоритета используйте скобки
D:\Visual Studio\Triangle\Triangle\Triangle.cpp(24,41): warning C4554: "^": проверьте приоритет операторов на ошибки; для уточнения приоритета используйте скобки
  Создание кода...
